[debug] [2021-03-28T16:32:40.674Z] ----------------------------------------------------------------------
[debug] [2021-03-28T16:32:40.677Z] Command:       D:\Node JS\node.exe C:\Users\sasho91\AppData\Roaming\npm\node_modules\firebase-tools\lib\bin\firebase.js emulators:start
[debug] [2021-03-28T16:32:40.677Z] CLI Version:   9.8.0
[debug] [2021-03-28T16:32:40.677Z] Platform:      win32
[debug] [2021-03-28T16:32:40.678Z] Node Version:  v14.16.0
[debug] [2021-03-28T16:32:40.679Z] Time:          Sun Mar 28 2021 19:32:40 GMT+0300 (Eastern European Summer Time)
[debug] [2021-03-28T16:32:40.679Z] ----------------------------------------------------------------------
[debug] 
[debug] [2021-03-28T16:32:40.692Z] > command requires scopes: ["email","openid","https://www.googleapis.com/auth/cloudplatformprojects.readonly","https://www.googleapis.com/auth/firebase","https://www.googleapis.com/auth/cloud-platform"]
[debug] [2021-03-28T16:32:40.692Z] > authorizing via signed-in user
[info] i  emulators: Starting emulators: functions {"metadata":{"emulator":{"name":"hub"},"message":"Starting emulators: functions"}}
[debug] [2021-03-28T16:32:40.724Z] [hub] writing locator at C:\Users\sasho91\AppData\Local\Temp\hub-clone-5621f.json
[warn] !  functions: The following emulators are not running, calls to these services from the Functions emulator will affect production: auth, firestore, database, hosting, pubsub {"metadata":{"emulator":{"name":"functions"},"message":"The following emulators are not running, calls to these services from the Functions emulator will affect production: \u001b[1mauth, firestore, database, hosting, pubsub\u001b[22m"}}
[warn] !  Your requested "node" version "12" doesn't match your global version "14" {"metadata":{"emulator":{"name":"functions"},"message":"Your requested \"node\" version \"12\" doesn't match your global version \"14\""}}
[debug] [2021-03-28T16:32:40.748Z] defaultcredentials: writing to file C:\Users\sasho91\AppData\Roaming\firebase\alexander_chakarov1_gmail.com_application_default_credentials.json
[debug] [2021-03-28T16:32:40.749Z] Setting GAC to C:\Users\sasho91\AppData\Roaming\firebase\alexander_chakarov1_gmail.com_application_default_credentials.json {"metadata":{"emulator":{"name":"functions"},"message":"Setting GAC to C:\\Users\\sasho91\\AppData\\Roaming\\firebase\\alexander_chakarov1_gmail.com_application_default_credentials.json"}}
[debug] [2021-03-28T16:32:40.751Z] >>> [apiv2][query] GET https://firebase.googleapis.com/v1beta1/projects/clone-5621f/adminSdkConfig [none]
[debug] [2021-03-28T16:32:41.055Z] <<< [apiv2][status] GET https://firebase.googleapis.com/v1beta1/projects/clone-5621f/adminSdkConfig 200
[debug] [2021-03-28T16:32:41.056Z] <<< [apiv2][body] GET https://firebase.googleapis.com/v1beta1/projects/clone-5621f/adminSdkConfig {"projectId":"clone-5621f","databaseURL":"https://clone-5621f-default-rtdb.firebaseio.com","storageBucket":"clone-5621f.appspot.com","locationId":"europe-west"}
[debug] [2021-03-28T16:32:41.072Z] Ignoring unsupported arg: auto_download {"metadata":{"emulator":{"name":"ui"},"message":"Ignoring unsupported arg: auto_download"}}
[debug] [2021-03-28T16:32:41.073Z] Ignoring unsupported arg: port {"metadata":{"emulator":{"name":"ui"},"message":"Ignoring unsupported arg: port"}}
[debug] [2021-03-28T16:32:41.073Z] Starting Emulator UI with command {"binary":"node","args":["C:\\Users\\sasho91\\.cache\\firebase\\emulators\\ui-v1.4.2\\server.bundle.js"],"optionalArgs":[],"joinArgs":false} {"metadata":{"emulator":{"name":"ui"},"message":"Starting Emulator UI with command {\"binary\":\"node\",\"args\":[\"C:\\\\Users\\\\sasho91\\\\.cache\\\\firebase\\\\emulators\\\\ui-v1.4.2\\\\server.bundle.js\"],\"optionalArgs\":[],\"joinArgs\":false}"}}
[info] i  ui: Emulator UI logging to ui-debug.log {"metadata":{"emulator":{"name":"ui"},"message":"Emulator UI logging to \u001b[1mui-debug.log\u001b[22m"}}
[debug] [2021-03-28T16:32:41.251Z] Web / API server started at http://localhost:4000
 {"metadata":{"emulator":{"name":"ui"},"message":"Web / API server started at http://localhost:4000\n"}}
[info] i  functions: Watching "D:\JavaScript Web\React JS\Programming\amazon-clone\functions" for Cloud Functions... {"metadata":{"emulator":{"name":"functions"},"message":"Watching \"D:\\JavaScript Web\\React JS\\Programming\\amazon-clone\\functions\" for Cloud Functions..."}}
[debug] [2021-03-28T16:32:41.448Z] [worker-pool] addWorker(~diagnostic~) {"metadata":{"emulator":{"name":"functions"},"message":"[worker-pool] addWorker(~diagnostic~)"}}
[debug] [2021-03-28T16:32:41.448Z] [worker-pool] Adding worker with key ~diagnostic~, total=1 {"metadata":{"emulator":{"name":"functions"},"message":"[worker-pool] Adding worker with key ~diagnostic~, total=1"}}
[debug] [2021-03-28T16:32:41.449Z] [worker-pool] submitWork(triggerId=) {"metadata":{"emulator":{"name":"functions"},"message":"[worker-pool] submitWork(triggerId=)"}}
[debug] [2021-03-28T16:32:41.449Z] [worker-~diagnostic~-4d6d8c96-f75c-4af0-b642-b09e2ceae044]: Assigning socketPath: \\?\pipe\D:\JavaScript Web\React JS\Programming\amazon-clone\functions\8228 {"metadata":{"emulator":{"name":"functions"},"message":"[worker-~diagnostic~-4d6d8c96-f75c-4af0-b642-b09e2ceae044]: Assigning socketPath: \\\\?\\pipe\\D:\\JavaScript Web\\React JS\\Programming\\amazon-clone\\functions\\8228"}}
[debug] [2021-03-28T16:32:41.449Z] [worker-~diagnostic~-4d6d8c96-f75c-4af0-b642-b09e2ceae044]: BUSY {"metadata":{"emulator":{"name":"functions"},"message":"[worker-~diagnostic~-4d6d8c96-f75c-4af0-b642-b09e2ceae044]: BUSY"}}
[debug] [2021-03-28T16:32:41.712Z] [runtime-status] [8228] Functions runtime initialized. {"cwd":"D:\\JavaScript Web\\React JS\\Programming\\amazon-clone\\functions","node_version":"14.16.0"} {"metadata":{"emulator":{"name":"functions"},"message":"[runtime-status] [8228] Functions runtime initialized. {\"cwd\":\"D:\\\\JavaScript Web\\\\React JS\\\\Programming\\\\amazon-clone\\\\functions\",\"node_version\":\"14.16.0\"}"}}
[debug] [2021-03-28T16:32:41.713Z] [runtime-status] [8228] Disabled runtime features: undefined {"metadata":{"emulator":{"name":"functions"},"message":"[runtime-status] [8228] Disabled runtime features: undefined"}}
[debug] [2021-03-28T16:32:41.720Z] [runtime-status] [8228] Resolved module firebase-admin {"declared":true,"installed":true,"version":"9.5.0","resolution":"D:\\JavaScript Web\\React JS\\Programming\\amazon-clone\\functions\\node_modules\\firebase-admin\\lib\\index.js"} {"metadata":{"emulator":{"name":"functions"},"message":"[runtime-status] [8228] Resolved module firebase-admin {\"declared\":true,\"installed\":true,\"version\":\"9.5.0\",\"resolution\":\"D:\\\\JavaScript Web\\\\React JS\\\\Programming\\\\amazon-clone\\\\functions\\\\node_modules\\\\firebase-admin\\\\lib\\\\index.js\"}"}}
[debug] [2021-03-28T16:32:41.724Z] [runtime-status] [8228] Resolved module firebase-functions {"declared":true,"installed":true,"version":"3.13.2","resolution":"D:\\JavaScript Web\\React JS\\Programming\\amazon-clone\\functions\\node_modules\\firebase-functions\\lib\\index.js"} {"metadata":{"emulator":{"name":"functions"},"message":"[runtime-status] [8228] Resolved module firebase-functions {\"declared\":true,\"installed\":true,\"version\":\"3.13.2\",\"resolution\":\"D:\\\\JavaScript Web\\\\React JS\\\\Programming\\\\amazon-clone\\\\functions\\\\node_modules\\\\firebase-functions\\\\lib\\\\index.js\"}"}}
[debug] [2021-03-28T16:32:41.726Z] [runtime-status] [8228] Resolved module firebase-functions {"declared":true,"installed":true,"version":"3.13.2","resolution":"D:\\JavaScript Web\\React JS\\Programming\\amazon-clone\\functions\\node_modules\\firebase-functions\\lib\\index.js"} {"metadata":{"emulator":{"name":"functions"},"message":"[runtime-status] [8228] Resolved module firebase-functions {\"declared\":true,\"installed\":true,\"version\":\"3.13.2\",\"resolution\":\"D:\\\\JavaScript Web\\\\React JS\\\\Programming\\\\amazon-clone\\\\functions\\\\node_modules\\\\firebase-functions\\\\lib\\\\index.js\"}"}}
[debug] [2021-03-28T16:32:41.728Z] [runtime-status] [8228] Outgoing network have been stubbed. [{"name":"http","status":"mocked"},{"name":"http","status":"mocked"},{"name":"https","status":"mocked"},{"name":"https","status":"mocked"},{"name":"net","status":"mocked"}] {"metadata":{"emulator":{"name":"functions"},"message":"[runtime-status] [8228] Outgoing network have been stubbed. [{\"name\":\"http\",\"status\":\"mocked\"},{\"name\":\"http\",\"status\":\"mocked\"},{\"name\":\"https\",\"status\":\"mocked\"},{\"name\":\"https\",\"status\":\"mocked\"},{\"name\":\"net\",\"status\":\"mocked\"}]"}}
[debug] [2021-03-28T16:32:41.729Z] [runtime-status] [8228] Resolved module firebase-functions {"declared":true,"installed":true,"version":"3.13.2","resolution":"D:\\JavaScript Web\\React JS\\Programming\\amazon-clone\\functions\\node_modules\\firebase-functions\\lib\\index.js"} {"metadata":{"emulator":{"name":"functions"},"message":"[runtime-status] [8228] Resolved module firebase-functions {\"declared\":true,\"installed\":true,\"version\":\"3.13.2\",\"resolution\":\"D:\\\\JavaScript Web\\\\React JS\\\\Programming\\\\amazon-clone\\\\functions\\\\node_modules\\\\firebase-functions\\\\lib\\\\index.js\"}"}}
[debug] [2021-03-28T16:32:41.892Z] [runtime-status] [8228] Checked functions.config() {"config":{}} {"metadata":{"emulator":{"name":"functions"},"message":"[runtime-status] [8228] Checked functions.config() {\"config\":{}}"}}
[debug] [2021-03-28T16:32:41.893Z] [runtime-status] [8228] firebase-functions has been stubbed. {"functionsResolution":{"declared":true,"installed":true,"version":"3.13.2","resolution":"D:\\JavaScript Web\\React JS\\Programming\\amazon-clone\\functions\\node_modules\\firebase-functions\\lib\\index.js"}} {"metadata":{"emulator":{"name":"functions"},"message":"[runtime-status] [8228] firebase-functions has been stubbed. {\"functionsResolution\":{\"declared\":true,\"installed\":true,\"version\":\"3.13.2\",\"resolution\":\"D:\\\\JavaScript Web\\\\React JS\\\\Programming\\\\amazon-clone\\\\functions\\\\node_modules\\\\firebase-functions\\\\lib\\\\index.js\"}}"}}
[debug] [2021-03-28T16:32:41.894Z] [runtime-status] [8228] Resolved module firebase-functions {"declared":true,"installed":true,"version":"3.13.2","resolution":"D:\\JavaScript Web\\React JS\\Programming\\amazon-clone\\functions\\node_modules\\firebase-functions\\lib\\index.js"} {"metadata":{"emulator":{"name":"functions"},"message":"[runtime-status] [8228] Resolved module firebase-functions {\"declared\":true,\"installed\":true,\"version\":\"3.13.2\",\"resolution\":\"D:\\\\JavaScript Web\\\\React JS\\\\Programming\\\\amazon-clone\\\\functions\\\\node_modules\\\\firebase-functions\\\\lib\\\\index.js\"}"}}
[debug] [2021-03-28T16:32:41.896Z] [runtime-status] [8228] Resolved module firebase-admin {"declared":true,"installed":true,"version":"9.5.0","resolution":"D:\\JavaScript Web\\React JS\\Programming\\amazon-clone\\functions\\node_modules\\firebase-admin\\lib\\index.js"} {"metadata":{"emulator":{"name":"functions"},"message":"[runtime-status] [8228] Resolved module firebase-admin {\"declared\":true,\"installed\":true,\"version\":\"9.5.0\",\"resolution\":\"D:\\\\JavaScript Web\\\\React JS\\\\Programming\\\\amazon-clone\\\\functions\\\\node_modules\\\\firebase-admin\\\\lib\\\\index.js\"}"}}
[debug] [2021-03-28T16:32:41.897Z] [runtime-status] [8228] Resolved module firebase-functions {"declared":true,"installed":true,"version":"3.13.2","resolution":"D:\\JavaScript Web\\React JS\\Programming\\amazon-clone\\functions\\node_modules\\firebase-functions\\lib\\index.js"} {"metadata":{"emulator":{"name":"functions"},"message":"[runtime-status] [8228] Resolved module firebase-functions {\"declared\":true,\"installed\":true,\"version\":\"3.13.2\",\"resolution\":\"D:\\\\JavaScript Web\\\\React JS\\\\Programming\\\\amazon-clone\\\\functions\\\\node_modules\\\\firebase-functions\\\\lib\\\\index.js\"}"}}
[debug] [2021-03-28T16:32:41.898Z] [runtime-status] [8228] firebase-admin has been stubbed. {"adminResolution":{"declared":true,"installed":true,"version":"9.5.0","resolution":"D:\\JavaScript Web\\React JS\\Programming\\amazon-clone\\functions\\node_modules\\firebase-admin\\lib\\index.js"}} {"metadata":{"emulator":{"name":"functions"},"message":"[runtime-status] [8228] firebase-admin has been stubbed. {\"adminResolution\":{\"declared\":true,\"installed\":true,\"version\":\"9.5.0\",\"resolution\":\"D:\\\\JavaScript Web\\\\React JS\\\\Programming\\\\amazon-clone\\\\functions\\\\node_modules\\\\firebase-admin\\\\lib\\\\index.js\"}}"}}
[info] +  functions[api]: http function initialized (http://localhost:5001/clone-5621f/us-central1/api). {"metadata":{"emulator":{"name":"functions"},"message":"\u001b[1mhttp\u001b[22m function initialized (http://localhost:5001/clone-5621f/us-central1/api)."}}
[info] 
┌─────────────────────────────────────────────────────────────┐
│ ✔  All emulators ready! It is now safe to connect your app. │
│ i  View Emulator UI at http://localhost:4000                │
└─────────────────────────────────────────────────────────────┘

┌───────────┬────────────────┬─────────────────────────────────┐
│ Emulator  │ Host:Port      │ View in Emulator UI             │
├───────────┼────────────────┼─────────────────────────────────┤
│ Functions │ localhost:5001 │ http://localhost:4000/functions │
└───────────┴────────────────┴─────────────────────────────────┘
  Emulator Hub running at localhost:4400
  Other reserved ports: 4500

Issues? Report them at https://github.com/firebase/firebase-tools/issues and attach the *-debug.log files.
 
[debug] [2021-03-28T16:32:42.573Z] [worker-~diagnostic~-4d6d8c96-f75c-4af0-b642-b09e2ceae044]: IDLE {"metadata":{"emulator":{"name":"functions"},"message":"[worker-~diagnostic~-4d6d8c96-f75c-4af0-b642-b09e2ceae044]: IDLE"}}
[debug] [2021-03-28T16:33:12.851Z] [work-queue] {"queueLength":1,"workRunningCount":0}
[debug] [2021-03-28T16:33:12.852Z] [work-queue] {"queueLength":0,"workRunningCount":1}
[debug] [2021-03-28T16:33:12.852Z] Accepted request POST /clone-5621f/us-central1/api/payments/create?total=60600 --> api
[debug] [2021-03-28T16:33:12.882Z] [worker-pool] addWorker(api) {"metadata":{"emulator":{"name":"functions"},"message":"[worker-pool] addWorker(api)"}}
[debug] [2021-03-28T16:33:12.883Z] [worker-pool] Adding worker with key api, total=1 {"metadata":{"emulator":{"name":"functions"},"message":"[worker-pool] Adding worker with key api, total=1"}}
[debug] [2021-03-28T16:33:12.883Z] [worker-pool] submitWork(triggerId=api) {"metadata":{"emulator":{"name":"functions"},"message":"[worker-pool] submitWork(triggerId=api)"}}
[debug] [2021-03-28T16:33:12.883Z] [worker-api-51a6b847-dc3f-4e64-9154-d92b4998b35f]: Assigning socketPath: \\?\pipe\D:\JavaScript Web\React JS\Programming\amazon-clone\functions\17084 {"metadata":{"emulator":{"name":"functions"},"message":"[worker-api-51a6b847-dc3f-4e64-9154-d92b4998b35f]: Assigning socketPath: \\\\?\\pipe\\D:\\JavaScript Web\\React JS\\Programming\\amazon-clone\\functions\\17084"}}
[debug] [2021-03-28T16:33:12.883Z] [worker-api-51a6b847-dc3f-4e64-9154-d92b4998b35f]: BUSY {"metadata":{"emulator":{"name":"functions"},"message":"[worker-api-51a6b847-dc3f-4e64-9154-d92b4998b35f]: BUSY"}}
[debug] [2021-03-28T16:33:13.144Z] [runtime-status] [17084] Functions runtime initialized. {"cwd":"D:\\JavaScript Web\\React JS\\Programming\\amazon-clone\\functions","node_version":"14.16.0"} {"metadata":{"emulator":{"name":"functions"},"function":{"name":"api"},"message":"[runtime-status] [17084] Functions runtime initialized. {\"cwd\":\"D:\\\\JavaScript Web\\\\React JS\\\\Programming\\\\amazon-clone\\\\functions\",\"node_version\":\"14.16.0\"}"}}
[debug] [2021-03-28T16:33:13.147Z] [runtime-status] [17084] Disabled runtime features: undefined {"metadata":{"emulator":{"name":"functions"},"function":{"name":"api"},"message":"[runtime-status] [17084] Disabled runtime features: undefined"}}
[debug] [2021-03-28T16:33:13.154Z] [runtime-status] [17084] Resolved module firebase-admin {"declared":true,"installed":true,"version":"9.5.0","resolution":"D:\\JavaScript Web\\React JS\\Programming\\amazon-clone\\functions\\node_modules\\firebase-admin\\lib\\index.js"} {"metadata":{"emulator":{"name":"functions"},"function":{"name":"api"},"message":"[runtime-status] [17084] Resolved module firebase-admin {\"declared\":true,\"installed\":true,\"version\":\"9.5.0\",\"resolution\":\"D:\\\\JavaScript Web\\\\React JS\\\\Programming\\\\amazon-clone\\\\functions\\\\node_modules\\\\firebase-admin\\\\lib\\\\index.js\"}"}}
[debug] [2021-03-28T16:33:13.157Z] [runtime-status] [17084] Resolved module firebase-functions {"declared":true,"installed":true,"version":"3.13.2","resolution":"D:\\JavaScript Web\\React JS\\Programming\\amazon-clone\\functions\\node_modules\\firebase-functions\\lib\\index.js"} {"metadata":{"emulator":{"name":"functions"},"function":{"name":"api"},"message":"[runtime-status] [17084] Resolved module firebase-functions {\"declared\":true,\"installed\":true,\"version\":\"3.13.2\",\"resolution\":\"D:\\\\JavaScript Web\\\\React JS\\\\Programming\\\\amazon-clone\\\\functions\\\\node_modules\\\\firebase-functions\\\\lib\\\\index.js\"}"}}
[debug] [2021-03-28T16:33:13.161Z] [runtime-status] [17084] Resolved module firebase-functions {"declared":true,"installed":true,"version":"3.13.2","resolution":"D:\\JavaScript Web\\React JS\\Programming\\amazon-clone\\functions\\node_modules\\firebase-functions\\lib\\index.js"} {"metadata":{"emulator":{"name":"functions"},"function":{"name":"api"},"message":"[runtime-status] [17084] Resolved module firebase-functions {\"declared\":true,\"installed\":true,\"version\":\"3.13.2\",\"resolution\":\"D:\\\\JavaScript Web\\\\React JS\\\\Programming\\\\amazon-clone\\\\functions\\\\node_modules\\\\firebase-functions\\\\lib\\\\index.js\"}"}}
[debug] [2021-03-28T16:33:13.163Z] [runtime-status] [17084] Outgoing network have been stubbed. [{"name":"http","status":"mocked"},{"name":"http","status":"mocked"},{"name":"https","status":"mocked"},{"name":"https","status":"mocked"},{"name":"net","status":"mocked"}] {"metadata":{"emulator":{"name":"functions"},"function":{"name":"api"},"message":"[runtime-status] [17084] Outgoing network have been stubbed. [{\"name\":\"http\",\"status\":\"mocked\"},{\"name\":\"http\",\"status\":\"mocked\"},{\"name\":\"https\",\"status\":\"mocked\"},{\"name\":\"https\",\"status\":\"mocked\"},{\"name\":\"net\",\"status\":\"mocked\"}]"}}
[debug] [2021-03-28T16:33:13.164Z] [runtime-status] [17084] Resolved module firebase-functions {"declared":true,"installed":true,"version":"3.13.2","resolution":"D:\\JavaScript Web\\React JS\\Programming\\amazon-clone\\functions\\node_modules\\firebase-functions\\lib\\index.js"} {"metadata":{"emulator":{"name":"functions"},"function":{"name":"api"},"message":"[runtime-status] [17084] Resolved module firebase-functions {\"declared\":true,\"installed\":true,\"version\":\"3.13.2\",\"resolution\":\"D:\\\\JavaScript Web\\\\React JS\\\\Programming\\\\amazon-clone\\\\functions\\\\node_modules\\\\firebase-functions\\\\lib\\\\index.js\"}"}}
[debug] [2021-03-28T16:33:13.272Z] [runtime-status] [17084] Checked functions.config() {"config":{}} {"metadata":{"emulator":{"name":"functions"},"function":{"name":"api"},"message":"[runtime-status] [17084] Checked functions.config() {\"config\":{}}"}}
[debug] [2021-03-28T16:33:13.273Z] [runtime-status] [17084] firebase-functions has been stubbed. {"functionsResolution":{"declared":true,"installed":true,"version":"3.13.2","resolution":"D:\\JavaScript Web\\React JS\\Programming\\amazon-clone\\functions\\node_modules\\firebase-functions\\lib\\index.js"}} {"metadata":{"emulator":{"name":"functions"},"function":{"name":"api"},"message":"[runtime-status] [17084] firebase-functions has been stubbed. {\"functionsResolution\":{\"declared\":true,\"installed\":true,\"version\":\"3.13.2\",\"resolution\":\"D:\\\\JavaScript Web\\\\React JS\\\\Programming\\\\amazon-clone\\\\functions\\\\node_modules\\\\firebase-functions\\\\lib\\\\index.js\"}}"}}
[debug] [2021-03-28T16:33:13.274Z] [runtime-status] [17084] Resolved module firebase-functions {"declared":true,"installed":true,"version":"3.13.2","resolution":"D:\\JavaScript Web\\React JS\\Programming\\amazon-clone\\functions\\node_modules\\firebase-functions\\lib\\index.js"} {"metadata":{"emulator":{"name":"functions"},"function":{"name":"api"},"message":"[runtime-status] [17084] Resolved module firebase-functions {\"declared\":true,\"installed\":true,\"version\":\"3.13.2\",\"resolution\":\"D:\\\\JavaScript Web\\\\React JS\\\\Programming\\\\amazon-clone\\\\functions\\\\node_modules\\\\firebase-functions\\\\lib\\\\index.js\"}"}}
[debug] [2021-03-28T16:33:13.278Z] [runtime-status] [17084] Resolved module firebase-admin {"declared":true,"installed":true,"version":"9.5.0","resolution":"D:\\JavaScript Web\\React JS\\Programming\\amazon-clone\\functions\\node_modules\\firebase-admin\\lib\\index.js"} {"metadata":{"emulator":{"name":"functions"},"function":{"name":"api"},"message":"[runtime-status] [17084] Resolved module firebase-admin {\"declared\":true,\"installed\":true,\"version\":\"9.5.0\",\"resolution\":\"D:\\\\JavaScript Web\\\\React JS\\\\Programming\\\\amazon-clone\\\\functions\\\\node_modules\\\\firebase-admin\\\\lib\\\\index.js\"}"}}
[debug] [2021-03-28T16:33:13.279Z] [runtime-status] [17084] Resolved module firebase-functions {"declared":true,"installed":true,"version":"3.13.2","resolution":"D:\\JavaScript Web\\React JS\\Programming\\amazon-clone\\functions\\node_modules\\firebase-functions\\lib\\index.js"} {"metadata":{"emulator":{"name":"functions"},"function":{"name":"api"},"message":"[runtime-status] [17084] Resolved module firebase-functions {\"declared\":true,\"installed\":true,\"version\":\"3.13.2\",\"resolution\":\"D:\\\\JavaScript Web\\\\React JS\\\\Programming\\\\amazon-clone\\\\functions\\\\node_modules\\\\firebase-functions\\\\lib\\\\index.js\"}"}}
[debug] [2021-03-28T16:33:13.279Z] [runtime-status] [17084] firebase-admin has been stubbed. {"adminResolution":{"declared":true,"installed":true,"version":"9.5.0","resolution":"D:\\JavaScript Web\\React JS\\Programming\\amazon-clone\\functions\\node_modules\\firebase-admin\\lib\\index.js"}} {"metadata":{"emulator":{"name":"functions"},"function":{"name":"api"},"message":"[runtime-status] [17084] firebase-admin has been stubbed. {\"adminResolution\":{\"declared\":true,\"installed\":true,\"version\":\"9.5.0\",\"resolution\":\"D:\\\\JavaScript Web\\\\React JS\\\\Programming\\\\amazon-clone\\\\functions\\\\node_modules\\\\firebase-admin\\\\lib\\\\index.js\"}}"}}
[debug] [2021-03-28T16:33:13.712Z] [runtime-status] [17084] Trigger "api" has been found, beginning invocation! {"metadata":{"emulator":{"name":"functions"},"function":{"name":"api"},"message":"[runtime-status] [17084] Trigger \"api\" has been found, beginning invocation!"}}
[info] i  functions: Beginning execution of "api" {"metadata":{"emulator":{"name":"functions"},"function":{"name":"api"},"message":"Beginning execution of \"api\""}}
[debug] [2021-03-28T16:33:13.713Z] [runtime-status] [17084] triggerDefinition {"httpsTrigger":{},"name":"api","entryPoint":"api"} {"metadata":{"emulator":{"name":"functions"},"function":{"name":"api"},"message":"[runtime-status] [17084] triggerDefinition {\"httpsTrigger\":{},\"name\":\"api\",\"entryPoint\":\"api\"}"}}
[debug] [2021-03-28T16:33:13.713Z] [runtime-status] [17084] Running api in mode HTTPS {"metadata":{"emulator":{"name":"functions"},"function":{"name":"api"},"message":"[runtime-status] [17084] Running api in mode HTTPS"}}
[debug] [2021-03-28T16:33:13.716Z] [runtime-status] [17084] Attempting to listen to socketPath: \\?\pipe\D:\JavaScript Web\React JS\Programming\amazon-clone\functions\17084 {"metadata":{"emulator":{"name":"functions"},"function":{"name":"api"},"message":"[runtime-status] [17084] Attempting to listen to socketPath: \\\\?\\pipe\\D:\\JavaScript Web\\React JS\\Programming\\amazon-clone\\functions\\17084"}}
[debug] [2021-03-28T16:33:13.719Z] [functions] Runtime ready! Sending request! {"metadata":{"emulator":{"name":"functions"},"message":"[functions] Runtime ready! Sending request!"}}
[debug] [2021-03-28T16:33:13.720Z] [functions] Got req.url=/clone-5621f/us-central1/api/payments/create?total=60600, mapping to path=/payments/create?total=60600 {"metadata":{"emulator":{"name":"functions"},"message":"[functions] Got req.url=/clone-5621f/us-central1/api/payments/create?total=60600, mapping to path=/payments/create?total=60600"}}
[debug] [2021-03-28T16:33:13.728Z] [runtime-status] [17084] Ephemeral server handling POST request {"metadata":{"emulator":{"name":"functions"},"function":{"name":"api"},"message":"[runtime-status] [17084] Ephemeral server handling POST request"}}
[info] >  Payment request received 60600 {"user":"Payment request received 60600","metadata":{"emulator":{"name":"functions"},"function":{"name":"api"},"message":"\u001b[90m> \u001b[39m Payment request received 60600"}}
[debug] [2021-03-28T16:33:13.759Z] [runtime-status] [17084] Ephemeral server survived. {"metadata":{"emulator":{"name":"functions"},"function":{"name":"api"},"message":"[runtime-status] [17084] Ephemeral server survived."}}
[info] i  functions: Finished "api" in ~2s {"metadata":{"emulator":{"name":"functions"},"function":{"name":"api"},"message":"Finished \"api\" in ~2s"}}
[debug] [2021-03-28T16:33:16.281Z] [worker-api-51a6b847-dc3f-4e64-9154-d92b4998b35f]: IDLE {"metadata":{"emulator":{"name":"functions"},"message":"[worker-api-51a6b847-dc3f-4e64-9154-d92b4998b35f]: IDLE"}}
[debug] [2021-03-28T16:33:16.281Z] [work-queue] {"queueLength":0,"workRunningCount":0}
[debug] [2021-03-28T16:35:38.135Z] [work-queue] {"queueLength":1,"workRunningCount":0}
[debug] [2021-03-28T16:35:38.136Z] [work-queue] {"queueLength":0,"workRunningCount":1}
[debug] [2021-03-28T16:35:38.136Z] Accepted request POST /clone-5621f/us-central1/api/payments/create?total=76798 --> api
[debug] [2021-03-28T16:35:38.136Z] [worker-pool] submitWork(triggerId=api) {"metadata":{"emulator":{"name":"functions"},"message":"[worker-pool] submitWork(triggerId=api)"}}
[debug] [2021-03-28T16:35:38.136Z] [worker-api-51a6b847-dc3f-4e64-9154-d92b4998b35f]: Assigning socketPath: \\?\pipe\D:\JavaScript Web\React JS\Programming\amazon-clone\functions\17084 {"metadata":{"emulator":{"name":"functions"},"message":"[worker-api-51a6b847-dc3f-4e64-9154-d92b4998b35f]: Assigning socketPath: \\\\?\\pipe\\D:\\JavaScript Web\\React JS\\Programming\\amazon-clone\\functions\\17084"}}
[debug] [2021-03-28T16:35:38.137Z] [worker-api-51a6b847-dc3f-4e64-9154-d92b4998b35f]: BUSY {"metadata":{"emulator":{"name":"functions"},"message":"[worker-api-51a6b847-dc3f-4e64-9154-d92b4998b35f]: BUSY"}}
[debug] [2021-03-28T16:35:38.138Z] [runtime-status] [17084] Trigger "api" has been found, beginning invocation! {"metadata":{"emulator":{"name":"functions"},"function":{"name":"api"},"message":"[runtime-status] [17084] Trigger \"api\" has been found, beginning invocation!"}}
[info] i  functions: Beginning execution of "api" {"metadata":{"emulator":{"name":"functions"},"function":{"name":"api"},"message":"Beginning execution of \"api\""}}
[debug] [2021-03-28T16:35:38.139Z] [runtime-status] [17084] triggerDefinition {"httpsTrigger":{},"name":"api","entryPoint":"api"} {"metadata":{"emulator":{"name":"functions"},"function":{"name":"api"},"message":"[runtime-status] [17084] triggerDefinition {\"httpsTrigger\":{},\"name\":\"api\",\"entryPoint\":\"api\"}"}}
[debug] [2021-03-28T16:35:38.140Z] [runtime-status] [17084] Running api in mode HTTPS {"metadata":{"emulator":{"name":"functions"},"function":{"name":"api"},"message":"[runtime-status] [17084] Running api in mode HTTPS"}}
[debug] [2021-03-28T16:35:38.140Z] [runtime-status] [17084] Attempting to listen to socketPath: \\?\pipe\D:\JavaScript Web\React JS\Programming\amazon-clone\functions\17084 {"metadata":{"emulator":{"name":"functions"},"function":{"name":"api"},"message":"[runtime-status] [17084] Attempting to listen to socketPath: \\\\?\\pipe\\D:\\JavaScript Web\\React JS\\Programming\\amazon-clone\\functions\\17084"}}
[debug] [2021-03-28T16:35:38.141Z] [functions] Runtime ready! Sending request! {"metadata":{"emulator":{"name":"functions"},"message":"[functions] Runtime ready! Sending request!"}}
[debug] [2021-03-28T16:35:38.141Z] [functions] Got req.url=/clone-5621f/us-central1/api/payments/create?total=76798, mapping to path=/payments/create?total=76798 {"metadata":{"emulator":{"name":"functions"},"message":"[functions] Got req.url=/clone-5621f/us-central1/api/payments/create?total=76798, mapping to path=/payments/create?total=76798"}}
[debug] [2021-03-28T16:35:38.144Z] [runtime-status] [17084] Ephemeral server handling POST request {"metadata":{"emulator":{"name":"functions"},"function":{"name":"api"},"message":"[runtime-status] [17084] Ephemeral server handling POST request"}}
[info] >  Payment request received 76798 {"user":"Payment request received 76798","metadata":{"emulator":{"name":"functions"},"function":{"name":"api"},"message":"\u001b[90m> \u001b[39m Payment request received 76798"}}
[debug] [2021-03-28T16:35:38.148Z] [runtime-status] [17084] Ephemeral server survived. {"metadata":{"emulator":{"name":"functions"},"function":{"name":"api"},"message":"[runtime-status] [17084] Ephemeral server survived."}}
[info] i  functions: Finished "api" in ~1s {"metadata":{"emulator":{"name":"functions"},"function":{"name":"api"},"message":"Finished \"api\" in ~1s"}}
[debug] [2021-03-28T16:35:38.677Z] [worker-api-51a6b847-dc3f-4e64-9154-d92b4998b35f]: IDLE {"metadata":{"emulator":{"name":"functions"},"message":"[worker-api-51a6b847-dc3f-4e64-9154-d92b4998b35f]: IDLE"}}
[debug] [2021-03-28T16:35:38.678Z] [work-queue] {"queueLength":0,"workRunningCount":0}
[debug] [2021-03-28T16:35:59.894Z] [work-queue] {"queueLength":1,"workRunningCount":0}
[debug] [2021-03-28T16:35:59.895Z] [work-queue] {"queueLength":0,"workRunningCount":1}
[debug] [2021-03-28T16:35:59.895Z] Accepted request POST /clone-5621f/us-central1/api/payments/create?total=76798 --> api
[debug] [2021-03-28T16:35:59.895Z] [worker-pool] submitWork(triggerId=api) {"metadata":{"emulator":{"name":"functions"},"message":"[worker-pool] submitWork(triggerId=api)"}}
[debug] [2021-03-28T16:35:59.896Z] [worker-api-51a6b847-dc3f-4e64-9154-d92b4998b35f]: Assigning socketPath: \\?\pipe\D:\JavaScript Web\React JS\Programming\amazon-clone\functions\17084 {"metadata":{"emulator":{"name":"functions"},"message":"[worker-api-51a6b847-dc3f-4e64-9154-d92b4998b35f]: Assigning socketPath: \\\\?\\pipe\\D:\\JavaScript Web\\React JS\\Programming\\amazon-clone\\functions\\17084"}}
[debug] [2021-03-28T16:35:59.896Z] [worker-api-51a6b847-dc3f-4e64-9154-d92b4998b35f]: BUSY {"metadata":{"emulator":{"name":"functions"},"message":"[worker-api-51a6b847-dc3f-4e64-9154-d92b4998b35f]: BUSY"}}
[debug] [2021-03-28T16:35:59.897Z] [runtime-status] [17084] Trigger "api" has been found, beginning invocation! {"metadata":{"emulator":{"name":"functions"},"function":{"name":"api"},"message":"[runtime-status] [17084] Trigger \"api\" has been found, beginning invocation!"}}
[info] i  functions: Beginning execution of "api" {"metadata":{"emulator":{"name":"functions"},"function":{"name":"api"},"message":"Beginning execution of \"api\""}}
[debug] [2021-03-28T16:35:59.901Z] [runtime-status] [17084] triggerDefinition {"httpsTrigger":{},"name":"api","entryPoint":"api"} {"metadata":{"emulator":{"name":"functions"},"function":{"name":"api"},"message":"[runtime-status] [17084] triggerDefinition {\"httpsTrigger\":{},\"name\":\"api\",\"entryPoint\":\"api\"}"}}
[debug] [2021-03-28T16:35:59.901Z] [runtime-status] [17084] Running api in mode HTTPS {"metadata":{"emulator":{"name":"functions"},"function":{"name":"api"},"message":"[runtime-status] [17084] Running api in mode HTTPS"}}
[debug] [2021-03-28T16:35:59.902Z] [runtime-status] [17084] Attempting to listen to socketPath: \\?\pipe\D:\JavaScript Web\React JS\Programming\amazon-clone\functions\17084 {"metadata":{"emulator":{"name":"functions"},"function":{"name":"api"},"message":"[runtime-status] [17084] Attempting to listen to socketPath: \\\\?\\pipe\\D:\\JavaScript Web\\React JS\\Programming\\amazon-clone\\functions\\17084"}}
[debug] [2021-03-28T16:35:59.903Z] [functions] Runtime ready! Sending request! {"metadata":{"emulator":{"name":"functions"},"message":"[functions] Runtime ready! Sending request!"}}
[debug] [2021-03-28T16:35:59.904Z] [functions] Got req.url=/clone-5621f/us-central1/api/payments/create?total=76798, mapping to path=/payments/create?total=76798 {"metadata":{"emulator":{"name":"functions"},"message":"[functions] Got req.url=/clone-5621f/us-central1/api/payments/create?total=76798, mapping to path=/payments/create?total=76798"}}
[debug] [2021-03-28T16:35:59.906Z] [runtime-status] [17084] Ephemeral server handling POST request {"metadata":{"emulator":{"name":"functions"},"function":{"name":"api"},"message":"[runtime-status] [17084] Ephemeral server handling POST request"}}
[info] >  Payment request received 76798 {"user":"Payment request received 76798","metadata":{"emulator":{"name":"functions"},"function":{"name":"api"},"message":"\u001b[90m> \u001b[39m Payment request received 76798"}}
[debug] [2021-03-28T16:35:59.909Z] [runtime-status] [17084] Ephemeral server survived. {"metadata":{"emulator":{"name":"functions"},"function":{"name":"api"},"message":"[runtime-status] [17084] Ephemeral server survived."}}
[info] i  functions: Finished "api" in ~1s {"metadata":{"emulator":{"name":"functions"},"function":{"name":"api"},"message":"Finished \"api\" in ~1s"}}
[debug] [2021-03-28T16:36:00.303Z] [worker-api-51a6b847-dc3f-4e64-9154-d92b4998b35f]: IDLE {"metadata":{"emulator":{"name":"functions"},"message":"[worker-api-51a6b847-dc3f-4e64-9154-d92b4998b35f]: IDLE"}}
[debug] [2021-03-28T16:36:00.304Z] [work-queue] {"queueLength":0,"workRunningCount":0}
[debug] [2021-03-28T16:36:10.748Z] [work-queue] {"queueLength":1,"workRunningCount":0}
[debug] [2021-03-28T16:36:10.749Z] [work-queue] {"queueLength":0,"workRunningCount":1}
[debug] [2021-03-28T16:36:10.749Z] Accepted request POST /clone-5621f/us-central1/api/payments/create?total=1998.9999999999998 --> api
[debug] [2021-03-28T16:36:10.749Z] [worker-pool] submitWork(triggerId=api) {"metadata":{"emulator":{"name":"functions"},"message":"[worker-pool] submitWork(triggerId=api)"}}
[debug] [2021-03-28T16:36:10.749Z] [worker-api-51a6b847-dc3f-4e64-9154-d92b4998b35f]: Assigning socketPath: \\?\pipe\D:\JavaScript Web\React JS\Programming\amazon-clone\functions\17084 {"metadata":{"emulator":{"name":"functions"},"message":"[worker-api-51a6b847-dc3f-4e64-9154-d92b4998b35f]: Assigning socketPath: \\\\?\\pipe\\D:\\JavaScript Web\\React JS\\Programming\\amazon-clone\\functions\\17084"}}
[debug] [2021-03-28T16:36:10.749Z] [worker-api-51a6b847-dc3f-4e64-9154-d92b4998b35f]: BUSY {"metadata":{"emulator":{"name":"functions"},"message":"[worker-api-51a6b847-dc3f-4e64-9154-d92b4998b35f]: BUSY"}}
[debug] [2021-03-28T16:36:10.750Z] [runtime-status] [17084] Trigger "api" has been found, beginning invocation! {"metadata":{"emulator":{"name":"functions"},"function":{"name":"api"},"message":"[runtime-status] [17084] Trigger \"api\" has been found, beginning invocation!"}}
[info] i  functions: Beginning execution of "api" {"metadata":{"emulator":{"name":"functions"},"function":{"name":"api"},"message":"Beginning execution of \"api\""}}
[debug] [2021-03-28T16:36:10.752Z] [runtime-status] [17084] triggerDefinition {"httpsTrigger":{},"name":"api","entryPoint":"api"} {"metadata":{"emulator":{"name":"functions"},"function":{"name":"api"},"message":"[runtime-status] [17084] triggerDefinition {\"httpsTrigger\":{},\"name\":\"api\",\"entryPoint\":\"api\"}"}}
[debug] [2021-03-28T16:36:10.752Z] [runtime-status] [17084] Running api in mode HTTPS {"metadata":{"emulator":{"name":"functions"},"function":{"name":"api"},"message":"[runtime-status] [17084] Running api in mode HTTPS"}}
[debug] [2021-03-28T16:36:10.752Z] [runtime-status] [17084] Attempting to listen to socketPath: \\?\pipe\D:\JavaScript Web\React JS\Programming\amazon-clone\functions\17084 {"metadata":{"emulator":{"name":"functions"},"function":{"name":"api"},"message":"[runtime-status] [17084] Attempting to listen to socketPath: \\\\?\\pipe\\D:\\JavaScript Web\\React JS\\Programming\\amazon-clone\\functions\\17084"}}
[debug] [2021-03-28T16:36:10.754Z] [functions] Runtime ready! Sending request! {"metadata":{"emulator":{"name":"functions"},"message":"[functions] Runtime ready! Sending request!"}}
[debug] [2021-03-28T16:36:10.754Z] [functions] Got req.url=/clone-5621f/us-central1/api/payments/create?total=1998.9999999999998, mapping to path=/payments/create?total=1998.9999999999998 {"metadata":{"emulator":{"name":"functions"},"message":"[functions] Got req.url=/clone-5621f/us-central1/api/payments/create?total=1998.9999999999998, mapping to path=/payments/create?total=1998.9999999999998"}}
[debug] [2021-03-28T16:36:10.756Z] [runtime-status] [17084] Ephemeral server handling POST request {"metadata":{"emulator":{"name":"functions"},"function":{"name":"api"},"message":"[runtime-status] [17084] Ephemeral server handling POST request"}}
[info] >  Payment request received 1998.9999999999998 {"user":"Payment request received 1998.9999999999998","metadata":{"emulator":{"name":"functions"},"function":{"name":"api"},"message":"\u001b[90m> \u001b[39m Payment request received 1998.9999999999998"}}
[debug] [2021-03-28T16:36:10.758Z] [runtime-status] [17084] Ephemeral server survived. {"metadata":{"emulator":{"name":"functions"},"function":{"name":"api"},"message":"[runtime-status] [17084] Ephemeral server survived."}}
[info] >  (node:17084) UnhandledPromiseRejectionWarning: Error: Invalid integer: 1998.9999999999998 {"user":"(node:17084) UnhandledPromiseRejectionWarning: Error: Invalid integer: 1998.9999999999998","metadata":{"emulator":{"name":"functions"},"function":{"name":"api"},"message":"\u001b[90m> \u001b[39m (node:17084) UnhandledPromiseRejectionWarning: Error: Invalid integer: 1998.9999999999998"}}
[info] >      at Function.generate (D:\JavaScript Web\React JS\Programming\amazon-clone\functions\node_modules\stripe\lib\Error.js:40:16) {"user":"    at Function.generate (D:\\JavaScript Web\\React JS\\Programming\\amazon-clone\\functions\\node_modules\\stripe\\lib\\Error.js:40:16)","metadata":{"emulator":{"name":"functions"},"function":{"name":"api"},"message":"\u001b[90m> \u001b[39m     at Function.generate (D:\\JavaScript Web\\React JS\\Programming\\amazon-clone\\functions\\node_modules\\stripe\\lib\\Error.js:40:16)"}}
[info] >      at IncomingMessage.<anonymous> (D:\JavaScript Web\React JS\Programming\amazon-clone\functions\node_modules\stripe\lib\StripeResource.js:180:33) {"user":"    at IncomingMessage.<anonymous> (D:\\JavaScript Web\\React JS\\Programming\\amazon-clone\\functions\\node_modules\\stripe\\lib\\StripeResource.js:180:33)","metadata":{"emulator":{"name":"functions"},"function":{"name":"api"},"message":"\u001b[90m> \u001b[39m     at IncomingMessage.<anonymous> (D:\\JavaScript Web\\React JS\\Programming\\amazon-clone\\functions\\node_modules\\stripe\\lib\\StripeResource.js:180:33)"}}
[info] >      at Object.onceWrapper (events.js:421:28) {"user":"    at Object.onceWrapper (events.js:421:28)","metadata":{"emulator":{"name":"functions"},"function":{"name":"api"},"message":"\u001b[90m> \u001b[39m     at Object.onceWrapper (events.js:421:28)"}}
[info] >      at IncomingMessage.emit (events.js:327:22) {"user":"    at IncomingMessage.emit (events.js:327:22)","metadata":{"emulator":{"name":"functions"},"function":{"name":"api"},"message":"\u001b[90m> \u001b[39m     at IncomingMessage.emit (events.js:327:22)"}}
[info] >      at endReadableNT (internal/streams/readable.js:1327:12) {"user":"    at endReadableNT (internal/streams/readable.js:1327:12)","metadata":{"emulator":{"name":"functions"},"function":{"name":"api"},"message":"\u001b[90m> \u001b[39m     at endReadableNT (internal/streams/readable.js:1327:12)"}}
[info] >      at processTicksAndRejections (internal/process/task_queues.js:80:21) {"user":"    at processTicksAndRejections (internal/process/task_queues.js:80:21)","metadata":{"emulator":{"name":"functions"},"function":{"name":"api"},"message":"\u001b[90m> \u001b[39m     at processTicksAndRejections (internal/process/task_queues.js:80:21)"}}
[info] >  (Use `node --trace-warnings ...` to show where the warning was created) {"user":"(Use `node --trace-warnings ...` to show where the warning was created)","metadata":{"emulator":{"name":"functions"},"function":{"name":"api"},"message":"\u001b[90m> \u001b[39m (Use `node --trace-warnings ...` to show where the warning was created)"}}
[info] >  (node:17084) UnhandledPromiseRejectionWarning: Unhandled promise rejection. This error originated either by throwing inside of an async function without a catch block, or by rejecting a promise which was not handled with .catch(). To terminate the node process on unhandled promise rejection, use the CLI flag `--unhandled-rejections=strict` (see https://nodejs.org/api/cli.html#cli_unhandled_rejections_mode). (rejection id: 1) {"user":"(node:17084) UnhandledPromiseRejectionWarning: Unhandled promise rejection. This error originated either by throwing inside of an async function without a catch block, or by rejecting a promise which was not handled with .catch(). To terminate the node process on unhandled promise rejection, use the CLI flag `--unhandled-rejections=strict` (see https://nodejs.org/api/cli.html#cli_unhandled_rejections_mode). (rejection id: 1)","metadata":{"emulator":{"name":"functions"},"function":{"name":"api"},"message":"\u001b[90m> \u001b[39m (node:17084) UnhandledPromiseRejectionWarning: Unhandled promise rejection. This error originated either by throwing inside of an async function without a catch block, or by rejecting a promise which was not handled with .catch(). To terminate the node process on unhandled promise rejection, use the CLI flag `--unhandled-rejections=strict` (see https://nodejs.org/api/cli.html#cli_unhandled_rejections_mode). (rejection id: 1)"}}
[info] >  (node:17084) [DEP0018] DeprecationWarning: Unhandled promise rejections are deprecated. In the future, promise rejections that are not handled will terminate the Node.js process with a non-zero exit code. {"user":"(node:17084) [DEP0018] DeprecationWarning: Unhandled promise rejections are deprecated. In the future, promise rejections that are not handled will terminate the Node.js process with a non-zero exit code.","metadata":{"emulator":{"name":"functions"},"function":{"name":"api"},"message":"\u001b[90m> \u001b[39m (node:17084) [DEP0018] DeprecationWarning: Unhandled promise rejections are deprecated. In the future, promise rejections that are not handled will terminate the Node.js process with a non-zero exit code."}}
[warn] !  functions: Your function timed out after ~60s. To configure this timeout, see
      https://firebase.google.com/docs/functions/manage-functions#set_timeout_and_memory_allocation. {"metadata":{"emulator":{"name":"functions"},"function":{"name":"api"},"message":"Your function timed out after ~60s. To configure this timeout, see\n      https://firebase.google.com/docs/functions/manage-functions#set_timeout_and_memory_allocation."}}
[info] >  C:\Users\sasho91\AppData\Roaming\npm\node_modules\firebase-tools\lib\emulator\functionsEmulatorRuntime.js:644 {"user":"C:\\Users\\sasho91\\AppData\\Roaming\\npm\\node_modules\\firebase-tools\\lib\\emulator\\functionsEmulatorRuntime.js:644\r","metadata":{"emulator":{"name":"functions"},"function":{"name":"api"},"message":"\u001b[90m> \u001b[39m C:\\Users\\sasho91\\AppData\\Roaming\\npm\\node_modules\\firebase-tools\\lib\\emulator\\functionsEmulatorRuntime.js:644\r"}}
[info] >              throw new Error("Function timed out."); {"user":"            throw new Error(\"Function timed out.\");\r","metadata":{"emulator":{"name":"functions"},"function":{"name":"api"},"message":"\u001b[90m> \u001b[39m             throw new Error(\"Function timed out.\");\r"}}
[info] >              ^ {"user":"            ^\r","metadata":{"emulator":{"name":"functions"},"function":{"name":"api"},"message":"\u001b[90m> \u001b[39m             ^\r"}}
[info] >   {"user":"\r","metadata":{"emulator":{"name":"functions"},"function":{"name":"api"},"message":"\u001b[90m> \u001b[39m \r"}}
[info] >  Error: Function timed out. {"user":"Error: Function timed out.\r","metadata":{"emulator":{"name":"functions"},"function":{"name":"api"},"message":"\u001b[90m> \u001b[39m Error: Function timed out.\r"}}
[info] >      at Timeout._onTimeout (C:\Users\sasho91\AppData\Roaming\npm\node_modules\firebase-tools\lib\emulator\functionsEmulatorRuntime.js:644:19) {"user":"    at Timeout._onTimeout (C:\\Users\\sasho91\\AppData\\Roaming\\npm\\node_modules\\firebase-tools\\lib\\emulator\\functionsEmulatorRuntime.js:644:19)\r","metadata":{"emulator":{"name":"functions"},"function":{"name":"api"},"message":"\u001b[90m> \u001b[39m     at Timeout._onTimeout (C:\\Users\\sasho91\\AppData\\Roaming\\npm\\node_modules\\firebase-tools\\lib\\emulator\\functionsEmulatorRuntime.js:644:19)\r"}}
[info] >      at listOnTimeout (internal/timers.js:554:17) {"user":"    at listOnTimeout (internal/timers.js:554:17)\r","metadata":{"emulator":{"name":"functions"},"function":{"name":"api"},"message":"\u001b[90m> \u001b[39m     at listOnTimeout (internal/timers.js:554:17)\r"}}
[info] >      at processTimers (internal/timers.js:497:7) {"user":"    at processTimers (internal/timers.js:497:7)\r","metadata":{"emulator":{"name":"functions"},"function":{"name":"api"},"message":"\u001b[90m> \u001b[39m     at processTimers (internal/timers.js:497:7)\r"}}
[debug] [2021-03-28T16:37:10.785Z] [worker-api-51a6b847-dc3f-4e64-9154-d92b4998b35f]: exited {"metadata":{"emulator":{"name":"functions"},"message":"[worker-api-51a6b847-dc3f-4e64-9154-d92b4998b35f]: exited"}}
[debug] [2021-03-28T16:37:10.785Z] [worker-api-51a6b847-dc3f-4e64-9154-d92b4998b35f]: FINISHED {"metadata":{"emulator":{"name":"functions"},"message":"[worker-api-51a6b847-dc3f-4e64-9154-d92b4998b35f]: FINISHED"}}
[debug] [2021-03-28T16:37:10.785Z] [work-queue] {"queueLength":0,"workRunningCount":0}
